<?xml version="1.0" encoding="UTF-8"?>
<!-- Generated by org.testng.reporters.JUnitReportReporter -->
<testsuite hostname="DESKTOP-AIKC6K7" failures="0" tests="1" name="Tests.AltaCuentaAhorroTest" time="0.900" errors="0" timestamp="2023-02-27T14:07:10 COT" skipped="0">
  <testcase classname="Tests.AltaCuentaAhorroTest" name="test" time="0.900"/>
  <system-out/>
</testsuite> <!-- Tests.AltaCuentaAhorroTest -->
